<?xml version="1.0" encoding="UTF-8"?>
<testng-results skipped="0" failed="0" ignored="0" total="1" passed="1">
  <reporter-output>
  </reporter-output>
  <suite name="Suite1" duration-ms="37746" started-at="2018-06-22T12:16:18Z" finished-at="2018-06-22T12:16:55Z">
    <groups>
    </groups>
    <test name="LogIn" duration-ms="37746" started-at="2018-06-22T12:16:18Z" finished-at="2018-06-22T12:16:55Z">
      <class name="tests.POTest">
        <test-method status="PASS" signature="init()[pri:0, instance:tests.POTest@445b84c0]" name="init" is-config="true" duration-ms="4117" started-at="2018-06-22T12:16:18Z" finished-at="2018-06-22T12:16:22Z">
          <reporter-output>
          </reporter-output>
        </test-method> <!-- init -->
        <test-method status="PASS" signature="launchPage()[pri:0, instance:tests.POTest@445b84c0]" name="launchPage" duration-ms="31437" started-at="2018-06-22T12:16:22Z" finished-at="2018-06-22T12:16:53Z">
          <reporter-output>
          </reporter-output>
        </test-method> <!-- launchPage -->
        <test-method status="PASS" signature="tearDown()[pri:0, instance:tests.POTest@445b84c0]" name="tearDown" is-config="true" duration-ms="2191" started-at="2018-06-22T12:16:53Z" finished-at="2018-06-22T12:16:55Z">
          <reporter-output>
          </reporter-output>
        </test-method> <!-- tearDown -->
      </class> <!-- tests.POTest -->
    </test> <!-- LogIn -->
  </suite> <!-- Suite1 -->
</testng-results>
